  manager.cpp
C:\Users\mac\source\repos\Project5\Project5\manager.h(11,11): error C2065: “Student”: 未声明的标识符
  (编译源文件“manager.cpp”)
  
C:\Users\mac\source\repos\Project5\Project5\manager.h(11,2): error C2923: "std::map": "Student" 不是参数 "_Ty" 的有效 模板 类型参数
  (编译源文件“manager.cpp”)
  C:\Users\mac\source\repos\Project5\Project5\manager.h(11,11):
  参见“Student”的声明
  
C:\Users\mac\source\repos\Project5\Project5\manager.h(11,2): error C2976: “std::map'”: 模板 参数太少
  (编译源文件“manager.cpp”)
  C:\Program Files\Microsoft Visual Studio\2022\Community\VC\Tools\MSVC\14.39.33519\include\map(72,7):
  参见“std::map”的声明
  
C:\Users\mac\source\repos\Project5\Project5\manager.cpp(9,1): error C2512: “std::map”: 没有合适的默认构造函数可用
  C:\Program Files\Microsoft Visual Studio\2022\Community\VC\Tools\MSVC\14.39.33519\include\map(72,7):
  参见“std::map”的声明
  
C:\Users\mac\source\repos\Project5\Project5\manager.cpp(28,18): error C2663: “std::_Tree<_Traits>::insert”: 没有重载函数具有对 “this” 指针的有效转换
  C:\Program Files\Microsoft Visual Studio\2022\Community\VC\Tools\MSVC\14.39.33519\include\xtree(1270,10):
  可能是“void std::_Tree<_Traits>::insert(std::initializer_list<_Traits::value_type>)”
  	C:\Users\mac\source\repos\Project5\Project5\manager.cpp(28,18):
  	“void std::_Tree<_Traits>::insert(std::initializer_list<_Traits::value_type>)”: 不能将“this”指针从“std::map”转换为“std::map<_Kty,_Ty,_Pr,_Alloc> &”
  		C:\Users\mac\source\repos\Project5\Project5\manager.cpp(28,7):
  		原因如下: 无法从“std::map”转换为“std::map<_Kty,_Ty,_Pr,_Alloc>”
  		C:\Users\mac\source\repos\Project5\Project5\manager.cpp(28,7):
  		转换要求第二个用户定义的转换运算符或构造函数
  C:\Program Files\Microsoft Visual Studio\2022\Community\VC\Tools\MSVC\14.39.33519\include\map(190,14):
  或    “conditional<std::_Tree<_Traits>::_Is_set,std::_Tree_const_iterator<std::_Tree_val<conditional<std::_Is_simple_alloc_v<allocator_traits<_Traits::allocator_type>::rebind_alloc<std::_Tree_node<_Traits::value_type,allocator_traits<allocator_traits<_Traits::allocator_type>::rebind_alloc<_Traits::value_type>>::void_pointer>>>,std::_Tree_simple_types<_Traits::value_type>,std::_Tree_iter_types<_Traits::value_type,allocator_traits<allocator_traits<_Traits::allocator_type>::rebind_alloc<_Traits::value_type>>::size_type,allocator_traits<allocator_traits<_Traits::allocator_type>::rebind_alloc<_Traits::value_type>>::difference_type,allocator_traits<allocator_traits<_Traits::allocator_type>::rebind_alloc<_Traits::value_type>>::pointer,allocator_traits<allocator_traits<_Traits::allocator_type>::rebind_alloc<_Traits::value_type>>::const_pointer,allocator_traits<allocator_traits<_Traits::allocator_type>::rebind_alloc<std::_Tree_node<_Traits::value_type,allocator_traits<allocator_traits<_Traits::allocator_type>::rebind_alloc<_Traits::value_type>>::void_pointer>>>::pointer>>::type>>,std::_Tree_iterator<std::_Tree_val<conditional<std::_Is_simple_alloc_v<allocator_traits<_Traits::allocator_type>::rebind_alloc<std::_Tree_node<_Traits::value_type,allocator_traits<allocator_traits<_Traits::allocator_type>::rebind_alloc<_Traits::value_type>>::void_pointer>>>,std::_Tree_simple_types<_Traits::value_type>,std::_Tree_iter_types<_Traits::value_type,allocator_traits<allocator_traits<_Traits::allocator_type>::rebind_alloc<_Traits::value_type>>::size_type,allocator_traits<allocator_traits<_Traits::allocator_type>::rebind_alloc<_Traits::value_type>>::difference_type,allocator_traits<allocator_traits<_Traits::allocator_type>::rebind_alloc<_Traits::value_type>>::pointer,allocator_traits<allocator_traits<_Traits::allocator_type>::rebind_alloc<_Traits::value_type>>::const_pointer,allocator_traits<allocator_traits<_Traits::allocator_type>::rebind_alloc<std::_Tree_node<_Traits::value_type,allocator_traits<allocator_traits<_Traits::allocator_type>::rebind_alloc<_Traits::value_type>>::void_pointer>>>::pointer>>::type>>>::type std::map<_Kty,_Ty,_Pr,_Alloc>::insert(std::_Tree_const_iterator<std::_Tree_val<conditional<std::_Is_simple_alloc_v<allocator_traits<_Traits::allocator_type>::rebind_alloc<std::_Tree_node<_Traits::value_type,allocator_traits<allocator_traits<_Traits::allocator_type>::rebind_alloc<_Traits::value_type>>::void_pointer>>>,std::_Tree_simple_types<_Traits::value_type>,std::_Tree_iter_types<_Traits::value_type,allocator_traits<allocator_traits<_Traits::allocator_type>::rebind_alloc<_Traits::value_type>>::size_type,allocator_traits<allocator_traits<_Traits::allocator_type>::rebind_alloc<_Traits::value_type>>::difference_type,allocator_traits<allocator_traits<_Traits::allocator_type>::rebind_alloc<_Traits::value_type>>::pointer,allocator_traits<allocator_traits<_Traits::allocator_type>::rebind_alloc<_Traits::value_type>>::const_pointer,allocator_traits<allocator_traits<_Traits::allocator_type>::rebind_alloc<std::_Tree_node<_Traits::value_type,allocator_traits<allocator_traits<_Traits::allocator_type>::rebind_alloc<_Traits::value_type>>::void_pointer>>>::pointer>>::type>>,_Valty &&)”
  	C:\Users\mac\source\repos\Project5\Project5\manager.cpp(28,18):
  	“conditional<std::_Tree<_Traits>::_Is_set,std::_Tree_const_iterator<std::_Tree_val<conditional<std::_Is_simple_alloc_v<allocator_traits<_Traits::allocator_type>::rebind_alloc<std::_Tree_node<_Traits::value_type,allocator_traits<allocator_traits<_Traits::allocator_type>::rebind_alloc<_Traits::value_type>>::void_pointer>>>,std::_Tree_simple_types<_Traits::value_type>,std::_Tree_iter_types<_Traits::value_type,allocator_traits<allocator_traits<_Traits::allocator_type>::rebind_alloc<_Traits::value_type>>::size_type,allocator_traits<allocator_traits<_Traits::allocator_type>::rebind_alloc<_Traits::value_type>>::difference_type,allocator_traits<allocator_traits<_Traits::allocator_type>::rebind_alloc<_Traits::value_type>>::pointer,allocator_traits<allocator_traits<_Traits::allocator_type>::rebind_alloc<_Traits::value_type>>::const_pointer,allocator_traits<allocator_traits<_Traits::allocator_type>::rebind_alloc<std::_Tree_node<_Traits::value_type,allocator_traits<allocator_traits<_Traits::allocator_type>::rebind_alloc<_Traits::value_type>>::void_pointer>>>::pointer>>::type>>,std::_Tree_iterator<std::_Tree_val<conditional<std::_Is_simple_alloc_v<allocator_traits<_Traits::allocator_type>::rebind_alloc<std::_Tree_node<_Traits::value_type,allocator_traits<allocator_traits<_Traits::allocator_type>::rebind_alloc<_Traits::value_type>>::void_pointer>>>,std::_Tree_simple_types<_Traits::value_type>,std::_Tree_iter_types<_Traits::value_type,allocator_traits<allocator_traits<_Traits::allocator_type>::rebind_alloc<_Traits::value_type>>::size_type,allocator_traits<allocator_traits<_Traits::allocator_type>::rebind_alloc<_Traits::value_type>>::difference_type,allocator_traits<allocator_traits<_Traits::allocator_type>::rebind_alloc<_Traits::value_type>>::pointer,allocator_traits<allocator_traits<_Traits::allocator_type>::rebind_alloc<_Traits::value_type>>::const_pointer,allocator_traits<allocator_traits<_Traits::allocator_type>::rebind_alloc<std::_Tree_node<_Traits::value_type,allocator_traits<allocator_traits<_Traits::allocator_type>::rebind_alloc<_Traits::value_type>>::void_pointer>>>::pointer>>::type>>>::type std::map<_Kty,_Ty,_Pr,_Alloc>::insert(std::_Tree_const_iterator<std::_Tree_val<conditional<std::_Is_simple_alloc_v<allocator_traits<_Traits::allocator_type>::rebind_alloc<std::_Tree_node<_Traits::value_type,allocator_traits<allocator_traits<_Traits::allocator_type>::rebind_alloc<_Traits::value_type>>::void_pointer>>>,std::_Tree_simple_types<_Traits::value_type>,std::_Tree_iter_types<_Traits::value_type,allocator_traits<allocator_traits<_Traits::allocator_type>::rebind_alloc<_Traits::value_type>>::size_type,allocator_traits<allocator_traits<_Traits::allocator_type>::rebind_alloc<_Traits::value_type>>::difference_type,allocator_traits<allocator_traits<_Traits::allocator_type>::rebind_alloc<_Traits::value_type>>::pointer,allocator_traits<allocator_traits<_Traits::allocator_type>::rebind_alloc<_Traits::value_type>>::const_pointer,allocator_traits<allocator_traits<_Traits::allocator_type>::rebind_alloc<std::_Tree_node<_Traits::value_type,allocator_traits<allocator_traits<_Traits::allocator_type>::rebind_alloc<_Traits::value_type>>::void_pointer>>>::pointer>>::type>>,_Valty &&)”: 应输入 2 个参数，却提供了 1 个
  C:\Program Files\Microsoft Visual Studio\2022\Community\VC\Tools\MSVC\14.39.33519\include\map(185,26):
  或    “std::pair<conditional<std::_Tree<_Traits>::_Is_set,std::_Tree_const_iterator<std::_Tree_val<conditional<std::_Is_simple_alloc_v<allocator_traits<_Traits::allocator_type>::rebind_alloc<std::_Tree_node<_Traits::value_type,allocator_traits<allocator_traits<_Traits::allocator_type>::rebind_alloc<_Traits::value_type>>::void_pointer>>>,std::_Tree_simple_types<_Traits::value_type>,std::_Tree_iter_types<_Traits::value_type,allocator_traits<allocator_traits<_Traits::allocator_type>::rebind_alloc<_Traits::value_type>>::size_type,allocator_traits<allocator_traits<_Traits::allocator_type>::rebind_alloc<_Traits::value_type>>::difference_type,allocator_traits<allocator_traits<_Traits::allocator_type>::rebind_alloc<_Traits::value_type>>::pointer,allocator_traits<allocator_traits<_Traits::allocator_type>::rebind_alloc<_Traits::value_type>>::const_pointer,allocator_traits<allocator_traits<_Traits::allocator_type>::rebind_alloc<std::_Tree_node<_Traits::value_type,allocator_traits<allocator_traits<_Traits::allocator_type>::rebind_alloc<_Traits::value_type>>::void_pointer>>>::pointer>>::type>>,std::_Tree_iterator<std::_Tree_val<conditional<std::_Is_simple_alloc_v<allocator_traits<_Traits::allocator_type>::rebind_alloc<std::_Tree_node<_Traits::value_type,allocator_traits<allocator_traits<_Traits::allocator_type>::rebind_alloc<_Traits::value_type>>::void_pointer>>>,std::_Tree_simple_types<_Traits::value_type>,std::_Tree_iter_types<_Traits::value_type,allocator_traits<allocator_traits<_Traits::allocator_type>::rebind_alloc<_Traits::value_type>>::size_type,allocator_traits<allocator_traits<_Traits::allocator_type>::rebind_alloc<_Traits::value_type>>::difference_type,allocator_traits<allocator_traits<_Traits::allocator_type>::rebind_alloc<_Traits::value_type>>::pointer,allocator_traits<allocator_traits<_Traits::allocator_type>::rebind_alloc<_Traits::value_type>>::const_pointer,allocator_traits<allocator_traits<_Traits::allocator_type>::rebind_alloc<std::_Tree_node<_Traits::value_type,allocator_traits<allocator_traits<_Traits::allocator_type>::rebind_alloc<_Traits::value_type>>::void_pointer>>>::pointer>>::type>>>::type,bool> std::map<_Kty,_Ty,_Pr,_Alloc>::insert(_Valty &&)”
  	C:\Users\mac\source\repos\Project5\Project5\manager.cpp(28,18):
  	“std::pair<conditional<std::_Tree<_Traits>::_Is_set,std::_Tree_const_iterator<std::_Tree_val<conditional<std::_Is_simple_alloc_v<allocator_traits<_Traits::allocator_type>::rebind_alloc<std::_Tree_node<_Traits::value_type,allocator_traits<allocator_traits<_Traits::allocator_type>::rebind_alloc<_Traits::value_type>>::void_pointer>>>,std::_Tree_simple_types<_Traits::value_type>,std::_Tree_iter_types<_Traits::value_type,allocator_traits<allocator_traits<_Traits::allocator_type>::rebind_alloc<_Traits::value_type>>::size_type,allocator_traits<allocator_traits<_Traits::allocator_type>::rebind_alloc<_Traits::value_type>>::difference_type,allocator_traits<allocator_traits<_Traits::allocator_type>::rebind_alloc<_Traits::value_type>>::pointer,allocator_traits<allocator_traits<_Traits::allocator_type>::rebind_alloc<_Traits::value_type>>::const_pointer,allocator_traits<allocator_traits<_Traits::allocator_type>::rebind_alloc<std::_Tree_node<_Traits::value_type,allocator_traits<allocator_traits<_Traits::allocator_type>::rebind_alloc<_Traits::value_type>>::void_pointer>>>::pointer>>::type>>,std::_Tree_iterator<std::_Tree_val<conditional<std::_Is_simple_alloc_v<allocator_traits<_Traits::allocator_type>::rebind_alloc<std::_Tree_node<_Traits::value_type,allocator_traits<allocator_traits<_Traits::allocator_type>::rebind_alloc<_Traits::value_type>>::void_pointer>>>,std::_Tree_simple_types<_Traits::value_type>,std::_Tree_iter_types<_Traits::value_type,allocator_traits<allocator_traits<_Traits::allocator_type>::rebind_alloc<_Traits::value_type>>::size_type,allocator_traits<allocator_traits<_Traits::allocator_type>::rebind_alloc<_Traits::value_type>>::difference_type,allocator_traits<allocator_traits<_Traits::allocator_type>::rebind_alloc<_Traits::value_type>>::pointer,allocator_traits<allocator_traits<_Traits::allocator_type>::rebind_alloc<_Traits::value_type>>::const_pointer,allocator_traits<allocator_traits<_Traits::allocator_type>::rebind_alloc<std::_Tree_node<_Traits::value_type,allocator_traits<allocator_traits<_Traits::allocator_type>::rebind_alloc<_Traits::value_type>>::void_pointer>>>::pointer>>::type>>>::type,bool> std::map<_Kty,_Ty,_Pr,_Alloc>::insert(_Valty &&)”: 无法推导“__formal”的 模板 参数
  C:\Program Files\Microsoft Visual Studio\2022\Community\VC\Tools\MSVC\14.39.33519\include\xtree(1210,26):
  或    “std::pair<conditional<std::_Tree<_Traits>::_Is_set,std::_Tree_const_iterator<std::_Tree_val<conditional<std::_Is_simple_alloc_v<allocator_traits<_Traits::allocator_type>::rebind_alloc<std::_Tree_node<_Traits::value_type,allocator_traits<allocator_traits<_Traits::allocator_type>::rebind_alloc<_Traits::value_type>>::void_pointer>>>,std::_Tree_simple_types<_Traits::value_type>,std::_Tree_iter_types<_Traits::value_type,allocator_traits<allocator_traits<_Traits::allocator_type>::rebind_alloc<_Traits::value_type>>::size_type,allocator_traits<allocator_traits<_Traits::allocator_type>::rebind_alloc<_Traits::value_type>>::difference_type,allocator_traits<allocator_traits<_Traits::allocator_type>::rebind_alloc<_Traits::value_type>>::pointer,allocator_traits<allocator_traits<_Traits::allocator_type>::rebind_alloc<_Traits::value_type>>::const_pointer,allocator_traits<allocator_traits<_Traits::allocator_type>::rebind_alloc<std::_Tree_node<_Traits::value_type,allocator_traits<allocator_traits<_Traits::allocator_type>::rebind_alloc<_Traits::value_type>>::void_pointer>>>::pointer>>::type>>,std::_Tree_iterator<std::_Tree_val<conditional<std::_Is_simple_alloc_v<allocator_traits<_Traits::allocator_type>::rebind_alloc<std::_Tree_node<_Traits::value_type,allocator_traits<allocator_traits<_Traits::allocator_type>::rebind_alloc<_Traits::value_type>>::void_pointer>>>,std::_Tree_simple_types<_Traits::value_type>,std::_Tree_iter_types<_Traits::value_type,allocator_traits<allocator_traits<_Traits::allocator_type>::rebind_alloc<_Traits::value_type>>::size_type,allocator_traits<allocator_traits<_Traits::allocator_type>::rebind_alloc<_Traits::value_type>>::difference_type,allocator_traits<allocator_traits<_Traits::allocator_type>::rebind_alloc<_Traits::value_type>>::pointer,allocator_traits<allocator_traits<_Traits::allocator_type>::rebind_alloc<_Traits::value_type>>::const_pointer,allocator_traits<allocator_traits<_Traits::allocator_type>::rebind_alloc<std::_Tree_node<_Traits::value_type,allocator_traits<allocator_traits<_Traits::allocator_type>::rebind_alloc<_Traits::value_type>>::void_pointer>>>::pointer>>::type>>>::type,bool> std::_Tree<_Traits>::insert(const _Traits::value_type &)”
  	C:\Users\mac\source\repos\Project5\Project5\manager.cpp(28,18):
  	“std::pair<conditional<std::_Tree<_Traits>::_Is_set,std::_Tree_const_iterator<std::_Tree_val<conditional<std::_Is_simple_alloc_v<allocator_traits<_Traits::allocator_type>::rebind_alloc<std::_Tree_node<_Traits::value_type,allocator_traits<allocator_traits<_Traits::allocator_type>::rebind_alloc<_Traits::value_type>>::void_pointer>>>,std::_Tree_simple_types<_Traits::value_type>,std::_Tree_iter_types<_Traits::value_type,allocator_traits<allocator_traits<_Traits::allocator_type>::rebind_alloc<_Traits::value_type>>::size_type,allocator_traits<allocator_traits<_Traits::allocator_type>::rebind_alloc<_Traits::value_type>>::difference_type,allocator_traits<allocator_traits<_Traits::allocator_type>::rebind_alloc<_Traits::value_type>>::pointer,allocator_traits<allocator_traits<_Traits::allocator_type>::rebind_alloc<_Traits::value_type>>::const_pointer,allocator_traits<allocator_traits<_Traits::allocator_type>::rebind_alloc<std::_Tree_node<_Traits::value_type,allocator_traits<allocator_traits<_Traits::allocator_type>::rebind_alloc<_Traits::value_type>>::void_pointer>>>::pointer>>::type>>,std::_Tree_iterator<std::_Tree_val<conditional<std::_Is_simple_alloc_v<allocator_traits<_Traits::allocator_type>::rebind_alloc<std::_Tree_node<_Traits::value_type,allocator_traits<allocator_traits<_Traits::allocator_type>::rebind_alloc<_Traits::value_type>>::void_pointer>>>,std::_Tree_simple_types<_Traits::value_type>,std::_Tree_iter_types<_Traits::value_type,allocator_traits<allocator_traits<_Traits::allocator_type>::rebind_alloc<_Traits::value_type>>::size_type,allocator_traits<allocator_traits<_Traits::allocator_type>::rebind_alloc<_Traits::value_type>>::difference_type,allocator_traits<allocator_traits<_Traits::allocator_type>::rebind_alloc<_Traits::value_type>>::pointer,allocator_traits<allocator_traits<_Traits::allocator_type>::rebind_alloc<_Traits::value_type>>::const_pointer,allocator_traits<allocator_traits<_Traits::allocator_type>::rebind_alloc<std::_Tree_node<_Traits::value_type,allocator_traits<allocator_traits<_Traits::allocator_type>::rebind_alloc<_Traits::value_type>>::void_pointer>>>::pointer>>::type>>>::type,bool> std::_Tree<_Traits>::insert(const _Traits::value_type &)”: 无法推导“__formal”的 模板 参数
  C:\Program Files\Microsoft Visual Studio\2022\Community\VC\Tools\MSVC\14.39.33519\include\xtree(1216,14):
  或    “conditional<std::_Tree<_Traits>::_Is_set,std::_Tree_const_iterator<std::_Tree_val<conditional<std::_Is_simple_alloc_v<allocator_traits<_Traits::allocator_type>::rebind_alloc<std::_Tree_node<_Traits::value_type,allocator_traits<allocator_traits<_Traits::allocator_type>::rebind_alloc<_Traits::value_type>>::void_pointer>>>,std::_Tree_simple_types<_Traits::value_type>,std::_Tree_iter_types<_Traits::value_type,allocator_traits<allocator_traits<_Traits::allocator_type>::rebind_alloc<_Traits::value_type>>::size_type,allocator_traits<allocator_traits<_Traits::allocator_type>::rebind_alloc<_Traits::value_type>>::difference_type,allocator_traits<allocator_traits<_Traits::allocator_type>::rebind_alloc<_Traits::value_type>>::pointer,allocator_traits<allocator_traits<_Traits::allocator_type>::rebind_alloc<_Traits::value_type>>::const_pointer,allocator_traits<allocator_traits<_Traits::allocator_type>::rebind_alloc<std::_Tree_node<_Traits::value_type,allocator_traits<allocator_traits<_Traits::allocator_type>::rebind_alloc<_Traits::value_type>>::void_pointer>>>::pointer>>::type>>,std::_Tree_iterator<std::_Tree_val<conditional<std::_Is_simple_alloc_v<allocator_traits<_Traits::allocator_type>::rebind_alloc<std::_Tree_node<_Traits::value_type,allocator_traits<allocator_traits<_Traits::allocator_type>::rebind_alloc<_Traits::value_type>>::void_pointer>>>,std::_Tree_simple_types<_Traits::value_type>,std::_Tree_iter_types<_Traits::value_type,allocator_traits<allocator_traits<_Traits::allocator_type>::rebind_alloc<_Traits::value_type>>::size_type,allocator_traits<allocator_traits<_Traits::allocator_type>::rebind_alloc<_Traits::value_type>>::difference_type,allocator_traits<allocator_traits<_Traits::allocator_type>::rebind_alloc<_Traits::value_type>>::pointer,allocator_traits<allocator_traits<_Traits::allocator_type>::rebind_alloc<_Traits::value_type>>::const_pointer,allocator_traits<allocator_traits<_Traits::allocator_type>::rebind_alloc<std::_Tree_node<_Traits::value_type,allocator_traits<allocator_traits<_Traits::allocator_type>::rebind_alloc<_Traits::value_type>>::void_pointer>>>::pointer>>::type>>>::type std::_Tree<_Traits>::insert(const _Traits::value_type &)”
  	C:\Users\mac\source\repos\Project5\Project5\manager.cpp(28,18):
  	“conditional<std::_Tree<_Traits>::_Is_set,std::_Tree_const_iterator<std::_Tree_val<conditional<std::_Is_simple_alloc_v<allocator_traits<_Traits::allocator_type>::rebind_alloc<std::_Tree_node<_Traits::value_type,allocator_traits<allocator_traits<_Traits::allocator_type>::rebind_alloc<_Traits::value_type>>::void_pointer>>>,std::_Tree_simple_types<_Traits::value_type>,std::_Tree_iter_types<_Traits::value_type,allocator_traits<allocator_traits<_Traits::allocator_type>::rebind_alloc<_Traits::value_type>>::size_type,allocator_traits<allocator_traits<_Traits::allocator_type>::rebind_alloc<_Traits::value_type>>::difference_type,allocator_traits<allocator_traits<_Traits::allocator_type>::rebind_alloc<_Traits::value_type>>::pointer,allocator_traits<allocator_traits<_Traits::allocator_type>::rebind_alloc<_Traits::value_type>>::const_pointer,allocator_traits<allocator_traits<_Traits::allocator_type>::rebind_alloc<std::_Tree_node<_Traits::value_type,allocator_traits<allocator_traits<_Traits::allocator_type>::rebind_alloc<_Traits::value_type>>::void_pointer>>>::pointer>>::type>>,std::_Tree_iterator<std::_Tree_val<conditional<std::_Is_simple_alloc_v<allocator_traits<_Traits::allocator_type>::rebind_alloc<std::_Tree_node<_Traits::value_type,allocator_traits<allocator_traits<_Traits::allocator_type>::rebind_alloc<_Traits::value_type>>::void_pointer>>>,std::_Tree_simple_types<_Traits::value_type>,std::_Tree_iter_types<_Traits::value_type,allocator_traits<allocator_traits<_Traits::allocator_type>::rebind_alloc<_Traits::value_type>>::size_type,allocator_traits<allocator_traits<_Traits::allocator_type>::rebind_alloc<_Traits::value_type>>::difference_type,allocator_traits<allocator_traits<_Traits::allocator_type>::rebind_alloc<_Traits::value_type>>::pointer,allocator_traits<allocator_traits<_Traits::allocator_type>::rebind_alloc<_Traits::value_type>>::const_pointer,allocator_traits<allocator_traits<_Traits::allocator_type>::rebind_alloc<std::_Tree_node<_Traits::value_type,allocator_traits<allocator_traits<_Traits::allocator_type>::rebind_alloc<_Traits::value_type>>::void_pointer>>>::pointer>>::type>>>::type std::_Tree<_Traits>::insert(const _Traits::value_type &)”: 无法推导“__formal”的 模板 参数
  C:\Program Files\Microsoft Visual Studio\2022\Community\VC\Tools\MSVC\14.39.33519\include\xtree(1221,26):
  或    “std::pair<conditional<std::_Tree<_Traits>::_Is_set,std::_Tree_const_iterator<std::_Tree_val<conditional<std::_Is_simple_alloc_v<allocator_traits<_Traits::allocator_type>::rebind_alloc<std::_Tree_node<_Traits::value_type,allocator_traits<allocator_traits<_Traits::allocator_type>::rebind_alloc<_Traits::value_type>>::void_pointer>>>,std::_Tree_simple_types<_Traits::value_type>,std::_Tree_iter_types<_Traits::value_type,allocator_traits<allocator_traits<_Traits::allocator_type>::rebind_alloc<_Traits::value_type>>::size_type,allocator_traits<allocator_traits<_Traits::allocator_type>::rebind_alloc<_Traits::value_type>>::difference_type,allocator_traits<allocator_traits<_Traits::allocator_type>::rebind_alloc<_Traits::value_type>>::pointer,allocator_traits<allocator_traits<_Traits::allocator_type>::rebind_alloc<_Traits::value_type>>::const_pointer,allocator_traits<allocator_traits<_Traits::allocator_type>::rebind_alloc<std::_Tree_node<_Traits::value_type,allocator_traits<allocator_traits<_Traits::allocator_type>::rebind_alloc<_Traits::value_type>>::void_pointer>>>::pointer>>::type>>,std::_Tree_iterator<std::_Tree_val<conditional<std::_Is_simple_alloc_v<allocator_traits<_Traits::allocator_type>::rebind_alloc<std::_Tree_node<_Traits::value_type,allocator_traits<allocator_traits<_Traits::allocator_type>::rebind_alloc<_Traits::value_type>>::void_pointer>>>,std::_Tree_simple_types<_Traits::value_type>,std::_Tree_iter_types<_Traits::value_type,allocator_traits<allocator_traits<_Traits::allocator_type>::rebind_alloc<_Traits::value_type>>::size_type,allocator_traits<allocator_traits<_Traits::allocator_type>::rebind_alloc<_Traits::value_type>>::difference_type,allocator_traits<allocator_traits<_Traits::allocator_type>::rebind_alloc<_Traits::value_type>>::pointer,allocator_traits<allocator_traits<_Traits::allocator_type>::rebind_alloc<_Traits::value_type>>::const_pointer,allocator_traits<allocator_traits<_Traits::allocator_type>::rebind_alloc<std::_Tree_node<_Traits::value_type,allocator_traits<allocator_traits<_Traits::allocator_type>::rebind_alloc<_Traits::value_type>>::void_pointer>>>::pointer>>::type>>>::type,bool> std::_Tree<_Traits>::insert(_Traits::value_type &&)”
  	C:\Users\mac\source\repos\Project5\Project5\manager.cpp(28,18):
  	“std::pair<conditional<std::_Tree<_Traits>::_Is_set,std::_Tree_const_iterator<std::_Tree_val<conditional<std::_Is_simple_alloc_v<allocator_traits<_Traits::allocator_type>::rebind_alloc<std::_Tree_node<_Traits::value_type,allocator_traits<allocator_traits<_Traits::allocator_type>::rebind_alloc<_Traits::value_type>>::void_pointer>>>,std::_Tree_simple_types<_Traits::value_type>,std::_Tree_iter_types<_Traits::value_type,allocator_traits<allocator_traits<_Traits::allocator_type>::rebind_alloc<_Traits::value_type>>::size_type,allocator_traits<allocator_traits<_Traits::allocator_type>::rebind_alloc<_Traits::value_type>>::difference_type,allocator_traits<allocator_traits<_Traits::allocator_type>::rebind_alloc<_Traits::value_type>>::pointer,allocator_traits<allocator_traits<_Traits::allocator_type>::rebind_alloc<_Traits::value_type>>::const_pointer,allocator_traits<allocator_traits<_Traits::allocator_type>::rebind_alloc<std::_Tree_node<_Traits::value_type,allocator_traits<allocator_traits<_Traits::allocator_type>::rebind_alloc<_Traits::value_type>>::void_pointer>>>::pointer>>::type>>,std::_Tree_iterator<std::_Tree_val<conditional<std::_Is_simple_alloc_v<allocator_traits<_Traits::allocator_type>::rebind_alloc<std::_Tree_node<_Traits::value_type,allocator_traits<allocator_traits<_Traits::allocator_type>::rebind_alloc<_Traits::value_type>>::void_pointer>>>,std::_Tree_simple_types<_Traits::value_type>,std::_Tree_iter_types<_Traits::value_type,allocator_traits<allocator_traits<_Traits::allocator_type>::rebind_alloc<_Traits::value_type>>::size_type,allocator_traits<allocator_traits<_Traits::allocator_type>::rebind_alloc<_Traits::value_type>>::difference_type,allocator_traits<allocator_traits<_Traits::allocator_type>::rebind_alloc<_Traits::value_type>>::pointer,allocator_traits<allocator_traits<_Traits::allocator_type>::rebind_alloc<_Traits::value_type>>::const_pointer,allocator_traits<allocator_traits<_Traits::allocator_type>::rebind_alloc<std::_Tree_node<_Traits::value_type,allocator_traits<allocator_traits<_Traits::allocator_type>::rebind_alloc<_Traits::value_type>>::void_pointer>>>::pointer>>::type>>>::type,bool> std::_Tree<_Traits>::insert(_Traits::value_type &&)”: 无法推导“__formal”的 模板 参数
  C:\Program Files\Microsoft Visual Studio\2022\Community\VC\Tools\MSVC\14.39.33519\include\xtree(1227,14):
  或    “conditional<std::_Tree<_Traits>::_Is_set,std::_Tree_const_iterator<std::_Tree_val<conditional<std::_Is_simple_alloc_v<allocator_traits<_Traits::allocator_type>::rebind_alloc<std::_Tree_node<_Traits::value_type,allocator_traits<allocator_traits<_Traits::allocator_type>::rebind_alloc<_Traits::value_type>>::void_pointer>>>,std::_Tree_simple_types<_Traits::value_type>,std::_Tree_iter_types<_Traits::value_type,allocator_traits<allocator_traits<_Traits::allocator_type>::rebind_alloc<_Traits::value_type>>::size_type,allocator_traits<allocator_traits<_Traits::allocator_type>::rebind_alloc<_Traits::value_type>>::difference_type,allocator_traits<allocator_traits<_Traits::allocator_type>::rebind_alloc<_Traits::value_type>>::pointer,allocator_traits<allocator_traits<_Traits::allocator_type>::rebind_alloc<_Traits::value_type>>::const_pointer,allocator_traits<allocator_traits<_Traits::allocator_type>::rebind_alloc<std::_Tree_node<_Traits::value_type,allocator_traits<allocator_traits<_Traits::allocator_type>::rebind_alloc<_Traits::value_type>>::void_pointer>>>::pointer>>::type>>,std::_Tree_iterator<std::_Tree_val<conditional<std::_Is_simple_alloc_v<allocator_traits<_Traits::allocator_type>::rebind_alloc<std::_Tree_node<_Traits::value_type,allocator_traits<allocator_traits<_Traits::allocator_type>::rebind_alloc<_Traits::value_type>>::void_pointer>>>,std::_Tree_simple_types<_Traits::value_type>,std::_Tree_iter_types<_Traits::value_type,allocator_traits<allocator_traits<_Traits::allocator_type>::rebind_alloc<_Traits::value_type>>::size_type,allocator_traits<allocator_traits<_Traits::allocator_type>::rebind_alloc<_Traits::value_type>>::difference_type,allocator_traits<allocator_traits<_Traits::allocator_type>::rebind_alloc<_Traits::value_type>>::pointer,allocator_traits<allocator_traits<_Traits::allocator_type>::rebind_alloc<_Traits::value_type>>::const_pointer,allocator_traits<allocator_traits<_Traits::allocator_type>::rebind_alloc<std::_Tree_node<_Traits::value_type,allocator_traits<allocator_traits<_Traits::allocator_type>::rebind_alloc<_Traits::value_type>>::void_pointer>>>::pointer>>::type>>>::type std::_Tree<_Traits>::insert(_Traits::value_type &&)”
  	C:\Users\mac\source\repos\Project5\Project5\manager.cpp(28,18):
  	“conditional<std::_Tree<_Traits>::_Is_set,std::_Tree_const_iterator<std::_Tree_val<conditional<std::_Is_simple_alloc_v<allocator_traits<_Traits::allocator_type>::rebind_alloc<std::_Tree_node<_Traits::value_type,allocator_traits<allocator_traits<_Traits::allocator_type>::rebind_alloc<_Traits::value_type>>::void_pointer>>>,std::_Tree_simple_types<_Traits::value_type>,std::_Tree_iter_types<_Traits::value_type,allocator_traits<allocator_traits<_Traits::allocator_type>::rebind_alloc<_Traits::value_type>>::size_type,allocator_traits<allocator_traits<_Traits::allocator_type>::rebind_alloc<_Traits::value_type>>::difference_type,allocator_traits<allocator_traits<_Traits::allocator_type>::rebind_alloc<_Traits::value_type>>::pointer,allocator_traits<allocator_traits<_Traits::allocator_type>::rebind_alloc<_Traits::value_type>>::const_pointer,allocator_traits<allocator_traits<_Traits::allocator_type>::rebind_alloc<std::_Tree_node<_Traits::value_type,allocator_traits<allocator_traits<_Traits::allocator_type>::rebind_alloc<_Traits::value_type>>::void_pointer>>>::pointer>>::type>>,std::_Tree_iterator<std::_Tree_val<conditional<std::_Is_simple_alloc_v<allocator_traits<_Traits::allocator_type>::rebind_alloc<std::_Tree_node<_Traits::value_type,allocator_traits<allocator_traits<_Traits::allocator_type>::rebind_alloc<_Traits::value_type>>::void_pointer>>>,std::_Tree_simple_types<_Traits::value_type>,std::_Tree_iter_types<_Traits::value_type,allocator_traits<allocator_traits<_Traits::allocator_type>::rebind_alloc<_Traits::value_type>>::size_type,allocator_traits<allocator_traits<_Traits::allocator_type>::rebind_alloc<_Traits::value_type>>::difference_type,allocator_traits<allocator_traits<_Traits::allocator_type>::rebind_alloc<_Traits::value_type>>::pointer,allocator_traits<allocator_traits<_Traits::allocator_type>::rebind_alloc<_Traits::value_type>>::const_pointer,allocator_traits<allocator_traits<_Traits::allocator_type>::rebind_alloc<std::_Tree_node<_Traits::value_type,allocator_traits<allocator_traits<_Traits::allocator_type>::rebind_alloc<_Traits::value_type>>::void_pointer>>>::pointer>>::type>>>::type std::_Tree<_Traits>::insert(_Traits::value_type &&)”: 无法推导“__formal”的 模板 参数
  C:\Program Files\Microsoft Visual Studio\2022\Community\VC\Tools\MSVC\14.39.33519\include\xtree(1258,10):
  或    “void std::_Tree<_Traits>::insert(_Iter,_Iter)”
  	C:\Users\mac\source\repos\Project5\Project5\manager.cpp(28,18):
  	“void std::_Tree<_Traits>::insert(_Iter,_Iter)”: 应输入 2 个参数，却提供了 1 个
  C:\Users\mac\source\repos\Project5\Project5\manager.cpp(28,18):
  尝试匹配参数列表“(std::pair<int,Student>)”时
  
  student.cpp
C:\Program Files\Microsoft Visual Studio\2022\Community\VC\Tools\MSVC\14.39.33519\include\utility(466,10): error C2259: “People”: 无法实例化抽象类
  (编译源文件“student.cpp”)
  C:\Users\mac\source\repos\Project5\Project5\people.h(5,7):
  参见“People”的声明
  C:\Program Files\Microsoft Visual Studio\2022\Community\VC\Tools\MSVC\14.39.33519\include\utility(466,10):
  由于下列成员:
  C:\Program Files\Microsoft Visual Studio\2022\Community\VC\Tools\MSVC\14.39.33519\include\utility(466,10):
  “void People::showOperatMenu(void)”: 是抽象的
  C:\Users\mac\source\repos\Project5\Project5\people.h(9,15):
  参见“People::showOperatMenu”的声明
  C:\Program Files\Microsoft Visual Studio\2022\Community\VC\Tools\MSVC\14.39.33519\include\utility(466,10):
  “void People::exit(void)”: 是抽象的
  C:\Users\mac\source\repos\Project5\Project5\people.h(11,15):
  参见“People::exit”的声明
  C:\Program Files\Microsoft Visual Studio\2022\Community\VC\Tools\MSVC\14.39.33519\include\utility(466,10):
  模板实例化上下文(最早的实例化上下文)为
  	C:\Users\mac\source\repos\Project5\Project5\student.h(11,19):
  	查看对正在编译的 类 模板 实例化“std::map<int,People,std::less<int>,std::allocator<std::pair<const int,People>>>”的引用
  	C:\Program Files\Microsoft Visual Studio\2022\Community\VC\Tools\MSVC\14.39.33519\include\map(72,20):
  	查看对正在编译的 类 模板 实例化“std::_Tree<std::_Tmap_traits<_Kty,_Ty,_Pr,_Alloc,false>>”的引用
          with
          [
              _Kty=int,
              _Ty=People,
              _Pr=std::less<int>,
              _Alloc=std::allocator<std::pair<const int,People>>
          ]
  	C:\Program Files\Microsoft Visual Studio\2022\Community\VC\Tools\MSVC\14.39.33519\include\xtree(1934,10):
  	在编译 类 模板 成员函数“void std::_Tree<std::_Tmap_traits<_Kty,_Ty,_Pr,_Alloc,false>>::_Alloc_sentinel_and_proxy(void)”时
          with
          [
              _Kty=int,
              _Ty=People,
              _Pr=std::less<int>,
              _Alloc=std::allocator<std::pair<const int,People>>
          ]
  		C:\Program Files\Microsoft Visual Studio\2022\Community\VC\Tools\MSVC\14.39.33519\include\xtree(881,34):
  		请参阅 "std::_Tree<std::_Tmap_traits<_Kty,_Ty,_Pr,_Alloc,false>>::_Tree" 中对 "std::_Tree<std::_Tmap_traits<_Kty,_Ty,_Pr,_Alloc,false>>::_Alloc_sentinel_and_proxy" 的第一个引用
          with
          [
              _Kty=int,
              _Ty=People,
              _Pr=std::less<int>,
              _Alloc=std::allocator<std::pair<const int,People>>
          ]
  		C:\Program Files\Microsoft Visual Studio\2022\Community\VC\Tools\MSVC\14.39.33519\include\map(106,20):
  		请参阅 "std::map<int,People,std::less<int>,std::allocator<std::pair<const int,People>>>::map" 中对 "std::_Tree<std::_Tmap_traits<_Kty,_Ty,_Pr,_Alloc,false>>::_Tree" 的第一个引用
          with
          [
              _Kty=int,
              _Ty=People,
              _Pr=std::less<int>,
              _Alloc=std::allocator<std::pair<const int,People>>
          ]
  		C:\Users\mac\source\repos\Project5\Project5\student.cpp(6,1):
  		请参阅 "Student::Student" 中对 "std::map<int,People,std::less<int>,std::allocator<std::pair<const int,People>>>::map" 的第一个引用
  	C:\Program Files\Microsoft Visual Studio\2022\Community\VC\Tools\MSVC\14.39.33519\include\xtree(1938,34):
  	查看对正在编译的 类 模板 实例化“std::_Tree_node<std::pair<const int,People>,std::_Default_allocator_traits<_Alloc>::void_pointer>”的引用
          with
          [
              _Alloc=std::allocator<std::pair<const int,People>>
          ]
  	C:\Program Files\Microsoft Visual Studio\2022\Community\VC\Tools\MSVC\14.39.33519\include\xtree(330,16):
  	查看对正在编译的 类 模板 实例化“std::pair<const int,People>”的引用
  
  teacher.cpp
C:\Program Files\Microsoft Visual Studio\2022\Community\VC\Tools\MSVC\14.39.33519\include\utility(466,10): error C2259: “People”: 无法实例化抽象类
  (编译源文件“teacher.cpp”)
  C:\Users\mac\source\repos\Project5\Project5\people.h(5,7):
  参见“People”的声明
  C:\Program Files\Microsoft Visual Studio\2022\Community\VC\Tools\MSVC\14.39.33519\include\utility(466,10):
  由于下列成员:
  C:\Program Files\Microsoft Visual Studio\2022\Community\VC\Tools\MSVC\14.39.33519\include\utility(466,10):
  “void People::showOperatMenu(void)”: 是抽象的
  C:\Users\mac\source\repos\Project5\Project5\people.h(9,15):
  参见“People::showOperatMenu”的声明
  C:\Program Files\Microsoft Visual Studio\2022\Community\VC\Tools\MSVC\14.39.33519\include\utility(466,10):
  “void People::exit(void)”: 是抽象的
  C:\Users\mac\source\repos\Project5\Project5\people.h(11,15):
  参见“People::exit”的声明
  C:\Program Files\Microsoft Visual Studio\2022\Community\VC\Tools\MSVC\14.39.33519\include\utility(466,10):
  模板实例化上下文(最早的实例化上下文)为
  	C:\Users\mac\source\repos\Project5\Project5\teacher.h(10,19):
  	查看对正在编译的 类 模板 实例化“std::map<int,People,std::less<int>,std::allocator<std::pair<const int,People>>>”的引用
  	C:\Program Files\Microsoft Visual Studio\2022\Community\VC\Tools\MSVC\14.39.33519\include\map(72,20):
  	查看对正在编译的 类 模板 实例化“std::_Tree<std::_Tmap_traits<_Kty,_Ty,_Pr,_Alloc,false>>”的引用
          with
          [
              _Kty=int,
              _Ty=People,
              _Pr=std::less<int>,
              _Alloc=std::allocator<std::pair<const int,People>>
          ]
  	C:\Program Files\Microsoft Visual Studio\2022\Community\VC\Tools\MSVC\14.39.33519\include\xtree(1934,10):
  	在编译 类 模板 成员函数“void std::_Tree<std::_Tmap_traits<_Kty,_Ty,_Pr,_Alloc,false>>::_Alloc_sentinel_and_proxy(void)”时
          with
          [
              _Kty=int,
              _Ty=People,
              _Pr=std::less<int>,
              _Alloc=std::allocator<std::pair<const int,People>>
          ]
  		C:\Program Files\Microsoft Visual Studio\2022\Community\VC\Tools\MSVC\14.39.33519\include\xtree(881,34):
  		请参阅 "std::_Tree<std::_Tmap_traits<_Kty,_Ty,_Pr,_Alloc,false>>::_Tree" 中对 "std::_Tree<std::_Tmap_traits<_Kty,_Ty,_Pr,_Alloc,false>>::_Alloc_sentinel_and_proxy" 的第一个引用
          with
          [
              _Kty=int,
              _Ty=People,
              _Pr=std::less<int>,
              _Alloc=std::allocator<std::pair<const int,People>>
          ]
  		C:\Program Files\Microsoft Visual Studio\2022\Community\VC\Tools\MSVC\14.39.33519\include\map(106,20):
  		请参阅 "std::map<int,People,std::less<int>,std::allocator<std::pair<const int,People>>>::map" 中对 "std::_Tree<std::_Tmap_traits<_Kty,_Ty,_Pr,_Alloc,false>>::_Tree" 的第一个引用
          with
          [
              _Kty=int,
              _Ty=People,
              _Pr=std::less<int>,
              _Alloc=std::allocator<std::pair<const int,People>>
          ]
  		C:\Users\mac\source\repos\Project5\Project5\teacher.cpp(6,1):
  		请参阅 "Teacher::Teacher" 中对 "std::map<int,People,std::less<int>,std::allocator<std::pair<const int,People>>>::map" 的第一个引用
  	C:\Program Files\Microsoft Visual Studio\2022\Community\VC\Tools\MSVC\14.39.33519\include\xtree(1938,34):
  	查看对正在编译的 类 模板 实例化“std::_Tree_node<std::pair<const int,People>,std::_Default_allocator_traits<_Alloc>::void_pointer>”的引用
          with
          [
              _Alloc=std::allocator<std::pair<const int,People>>
          ]
  	C:\Program Files\Microsoft Visual Studio\2022\Community\VC\Tools\MSVC\14.39.33519\include\xtree(330,16):
  	查看对正在编译的 类 模板 实例化“std::pair<const int,People>”的引用
  
  workManager.cpp
  正在生成代码...
C:\Users\mac\source\repos\Project5\Project5\workManager.cpp(79,1): warning C4715: “WorkManager::verify_people”: 不是所有的控件路径都返回值
